<?xml version="1.0" encoding="UTF-8"?>
<!-- Generated by org.testng.reporters.JUnitReportReporter -->
<testsuite hostname="NTS-RutujaTathe" failures="0" tests="3" name="org.example.SecondTest" time="0.013" errors="0" timestamp="2023-07-31T16:32:45 IST" skipped="0">
  <testcase classname="org.example.SecondTest" name="SearchCustomer" time="0.000"/>
  <testcase classname="org.example.SecondTest" name="SearchCustomerTest" time="0.012"/>
  <testcase classname="org.example.SecondTest" name="End" time="0.001"/>
</testsuite> <!-- org.example.SecondTest -->
