<?xml version="1.0" encoding="UTF-8"?>
<!-- Generated by org.testng.reporters.JUnitReportReporter -->
<testsuite hostname="NTS-RutujaTathe" failures="0" tests="3" name="org.example.FirstTestCase" time="0.011" errors="0" timestamp="2023-07-31T16:32:45 IST" skipped="0">
  <testcase classname="org.example.FirstTestCase" name="setup" time="0.010"/>
  <testcase classname="org.example.FirstTestCase" name="login" time="0.001"/>
  <testcase classname="org.example.FirstTestCase" name="tearDown" time="0.000"/>
</testsuite> <!-- org.example.FirstTestCase -->
